2021-06-08 09:14:00.501  INFO 22848 --- [SpringContextShutdownHook] o.s.s.c.ThreadPoolTaskScheduler          : Shutting down ExecutorService
2021-06-08 09:14:00.507  INFO 22848 --- [SpringContextShutdownHook] j.LocalContainerEntityManagerFactoryBean : Closing JPA EntityManagerFactory for persistence unit 'default'
2021-06-08 09:14:00.514  INFO 22848 --- [SpringContextShutdownHook] o.s.s.concurrent.ThreadPoolTaskExecutor  : Shutting down ExecutorService 'applicationTaskExecutor'
2021-06-08 09:14:00.515  INFO 22848 --- [SpringContextShutdownHook] com.zaxxer.hikari.HikariDataSource       : HikariPool-1 - Shutdown initiated...
2021-06-08 09:14:00.521  INFO 22848 --- [SpringContextShutdownHook] com.zaxxer.hikari.HikariDataSource       : HikariPool-1 - Shutdown completed.
2021-06-08 09:14:04.807  INFO 18876 --- [main] c.d.p.PriceMonitoringApplication         : No active profile set, falling back to default profiles: default
2021-06-08 09:14:05.499  INFO 18876 --- [main] .s.d.r.c.RepositoryConfigurationDelegate : Bootstrapping Spring Data JPA repositories in DEFERRED mode.
2021-06-08 09:14:05.598  INFO 18876 --- [main] .s.d.r.c.RepositoryConfigurationDelegate : Finished Spring Data repository scanning in 93ms. Found 10 JPA repository interfaces.
2021-06-08 09:14:05.738  INFO 18876 --- [main] o.s.cloud.context.scope.GenericScope     : BeanFactory id=fa723bb1-7b24-3261-aa6d-bb28f9be6e1d
2021-06-08 09:14:05.823  INFO 18876 --- [main] trationDelegate$BeanPostProcessorChecker : Bean 'org.springframework.security.access.expression.method.DefaultMethodSecurityExpressionHandler@2eda072' of type [org.springframework.security.oauth2.provider.expression.OAuth2MethodSecurityExpressionHandler] is not eligible for getting processed by all BeanPostProcessors (for example: not eligible for auto-proxying)
2021-06-08 09:14:05.827  INFO 18876 --- [main] trationDelegate$BeanPostProcessorChecker : Bean 'methodSecurityMetadataSource' of type [org.springframework.security.access.method.DelegatingMethodSecurityMetadataSource] is not eligible for getting processed by all BeanPostProcessors (for example: not eligible for auto-proxying)
2021-06-08 09:14:05.995  INFO 18876 --- [main] o.s.b.w.embedded.tomcat.TomcatWebServer  : Tomcat initialized with port(s): 8080 (http)
2021-06-08 09:14:06.002  INFO 18876 --- [main] o.apache.catalina.core.StandardService   : Starting service [Tomcat]
2021-06-08 09:14:06.002  INFO 18876 --- [main] org.apache.catalina.core.StandardEngine  : Starting Servlet engine: [Apache Tomcat/9.0.39]
2021-06-08 09:14:06.123  INFO 18876 --- [main] o.a.c.c.C.[Tomcat].[localhost].[/]       : Initializing Spring embedded WebApplicationContext
2021-06-08 09:14:06.123  INFO 18876 --- [main] w.s.c.ServletWebServerApplicationContext : Root WebApplicationContext: initialization completed in 1303 ms
2021-06-08 09:14:06.246  INFO 18876 --- [main] o.s.boot.web.servlet.RegistrationBean    : Filter characterEncodingFilter was not registered (possibly already registered?)
2021-06-08 09:14:06.248  INFO 18876 --- [main] o.s.b.a.e.web.ServletEndpointRegistrar   : Registered '/actuator/jolokia' to jolokia-actuator-endpoint
2021-06-08 09:14:06.358  INFO 18876 --- [main] o.s.s.concurrent.ThreadPoolTaskExecutor  : Initializing ExecutorService 'applicationTaskExecutor'
2021-06-08 09:14:06.407  INFO 18876 --- [task-1] o.hibernate.jpa.internal.util.LogHelper  : HHH000204: Processing PersistenceUnitInfo [name: default]
2021-06-08 09:14:06.452  INFO 18876 --- [task-1] org.hibernate.Version                    : HHH000412: Hibernate ORM core version 5.4.22.Final
2021-06-08 09:14:06.474  WARN 18876 --- [main] JpaBaseConfiguration$JpaWebConfiguration : spring.jpa.open-in-view is enabled by default. Therefore, database queries may be performed during view rendering. Explicitly configure spring.jpa.open-in-view to disable this warning
2021-06-08 09:14:06.525  WARN 18876 --- [main] o.s.s.o.p.t.s.JwtAccessTokenConverter    : Unable to create an RSA verifier from verifierKey (ignoreable if using MAC)
2021-06-08 09:14:06.567  INFO 18876 --- [task-1] o.hibernate.annotations.common.Version   : HCANN000001: Hibernate Commons Annotations {5.1.0.Final}
2021-06-08 09:14:06.637  INFO 18876 --- [task-1] com.zaxxer.hikari.HikariDataSource       : HikariPool-1 - Starting...
2021-06-08 09:14:06.873  INFO 18876 --- [main] o.s.s.web.DefaultSecurityFilterChain     : Creating filter chain: OrRequestMatcher [requestMatchers=[Ant [pattern='/oauth/token'], Ant [pattern='/oauth/token_key'], Ant [pattern='/oauth/check_token']]], [org.springframework.security.web.context.request.async.WebAsyncManagerIntegrationFilter@1c2096c6, org.springframework.security.web.context.SecurityContextPersistenceFilter@70c56434, org.springframework.security.web.header.HeaderWriterFilter@57f0bfc3, org.springframework.security.web.authentication.logout.LogoutFilter@5a82bc58, org.springframework.security.web.authentication.www.BasicAuthenticationFilter@350f18a6, org.springframework.security.web.savedrequest.RequestCacheAwareFilter@632d4cf2, org.springframework.security.web.servletapi.SecurityContextHolderAwareRequestFilter@645ba24a, org.springframework.security.web.authentication.AnonymousAuthenticationFilter@1a89414e, org.springframework.security.web.session.SessionManagementFilter@5922cff3, org.springframework.security.web.access.ExceptionTranslationFilter@6115846e, org.springframework.security.web.access.intercept.FilterSecurityInterceptor@4cd7e993]
2021-06-08 09:14:06.879  INFO 18876 --- [task-1] com.zaxxer.hikari.HikariDataSource       : HikariPool-1 - Start completed.
2021-06-08 09:14:06.880  INFO 18876 --- [main] o.s.s.web.DefaultSecurityFilterChain     : Creating filter chain: org.springframework.security.oauth2.config.annotation.web.configuration.ResourceServerConfiguration$NotOAuthRequestMatcher@252c6cdb, [org.springframework.security.web.context.request.async.WebAsyncManagerIntegrationFilter@61c87f1b, org.springframework.security.web.context.SecurityContextPersistenceFilter@1c18ee69, org.springframework.security.web.header.HeaderWriterFilter@1ddf42dd, org.springframework.security.web.authentication.logout.LogoutFilter@6076c66, org.springframework.security.oauth2.provider.authentication.OAuth2AuthenticationProcessingFilter@401ec794, org.springframework.security.web.savedrequest.RequestCacheAwareFilter@2f99d8c, org.springframework.security.web.servletapi.SecurityContextHolderAwareRequestFilter@65d7eea4, org.springframework.security.web.authentication.AnonymousAuthenticationFilter@1857fe6c, org.springframework.security.web.session.SessionManagementFilter@5c1c9881, org.springframework.security.web.access.ExceptionTranslationFilter@1c4057f9, org.springframework.security.web.access.intercept.FilterSecurityInterceptor@214fba74]
2021-06-08 09:14:06.892  INFO 18876 --- [task-1] org.hibernate.dialect.Dialect            : HHH000400: Using dialect: org.hibernate.dialect.MySQL5InnoDBDialect
2021-06-08 09:14:06.892  INFO 18876 --- [main] o.s.s.web.DefaultSecurityFilterChain     : Creating filter chain: any request, [org.springframework.security.web.context.request.async.WebAsyncManagerIntegrationFilter@3e04abc5, org.springframework.security.web.context.SecurityContextPersistenceFilter@761f234c, org.springframework.security.web.header.HeaderWriterFilter@ff4b223, org.springframework.security.web.csrf.CsrfFilter@139089a4, org.springframework.security.web.authentication.logout.LogoutFilter@365e65bb, org.springframework.security.web.authentication.UsernamePasswordAuthenticationFilter@393ae7a0, org.springframework.security.web.authentication.ui.DefaultLoginPageGeneratingFilter@9f1ca74, org.springframework.security.web.authentication.ui.DefaultLogoutPageGeneratingFilter@1008df1e, org.springframework.security.web.authentication.www.BasicAuthenticationFilter@63326a3a, org.springframework.security.web.savedrequest.RequestCacheAwareFilter@687b0ddc, org.springframework.security.web.servletapi.SecurityContextHolderAwareRequestFilter@42b4df5a, org.springframework.security.web.authentication.AnonymousAuthenticationFilter@7ee12d58, org.springframework.security.web.session.SessionManagementFilter@61554b6b, org.springframework.security.web.access.ExceptionTranslationFilter@6a6e9289, org.springframework.security.web.access.intercept.FilterSecurityInterceptor@4aac81ca]
2021-06-08 09:14:07.281  INFO 18876 --- [main] o.s.s.c.ThreadPoolTaskScheduler          : Initializing ExecutorService
2021-06-08 09:14:07.433  WARN 18876 --- [main] s.o.SpringCloudSecurityAutoConfiguration : All Spring Cloud Security modules and starters are deprecated. They will be moved to individual projects in the next major release.
2021-06-08 09:14:07.437  INFO 18876 --- [main] o.s.b.a.e.web.EndpointLinksResolver      : Exposing 17 endpoint(s) beneath base path '/actuator'
2021-06-08 09:14:08.368  INFO 18876 --- [task-1] o.h.e.t.j.p.i.JtaPlatformInitiator       : HHH000490: Using JtaPlatform implementation: [org.hibernate.engine.transaction.jta.platform.internal.NoJtaPlatform]
2021-06-08 09:14:08.374  INFO 18876 --- [task-1] j.LocalContainerEntityManagerFactoryBean : Initialized JPA EntityManagerFactory for persistence unit 'default'
2021-06-08 09:14:08.399  INFO 18876 --- [main] o.s.b.w.embedded.tomcat.TomcatWebServer  : Tomcat started on port(s): 8080 (http) with context path ''
2021-06-08 09:14:08.454  INFO 18876 --- [main] DeferredRepositoryInitializationListener : Triggering deferred initialization of Spring Data repositories…
2021-06-08 09:14:08.808  INFO 18876 --- [main] DeferredRepositoryInitializationListener : Spring Data repositories initialized!
2021-06-08 09:14:08.815  INFO 18876 --- [http-nio-8080-exec-1] o.a.c.c.C.[Tomcat].[localhost].[/]       : Initializing Spring DispatcherServlet 'dispatcherServlet'
2021-06-08 09:14:08.815  INFO 18876 --- [http-nio-8080-exec-1] o.s.web.servlet.DispatcherServlet        : Initializing Servlet 'dispatcherServlet'
2021-06-08 09:14:08.819  INFO 18876 --- [main] c.d.p.PriceMonitoringApplication         : Started PriceMonitoringApplication in 4.62 seconds (JVM running for 5.22)
2021-06-08 09:14:08.820  INFO 18876 --- [http-nio-8080-exec-1] o.s.web.servlet.DispatcherServlet        : Completed initialization in 5 ms
2021-06-08 09:14:08.921  INFO 18876 --- [registrationTask1] d.c.b.a.c.r.ApplicationRegistrator       : Application registered itself as 1e8cab9ea7b8
2021-06-08 10:31:59.474  WARN 18876 --- [http-nio-8080-exec-4] o.s.s.o.provider.endpoint.TokenEndpoint  : Handling error: InvalidGrantException, Bad credentials
